docker build srcs/grafana -t grafana -mardi 23 février 2021, 15:45:17 (UTC+0100)
Sending build context to Docker daemon  738.8kB
Step 1/11 : FROM    alpine:latest
 ---> 28f6e2705743
Step 2/11 : RUN     apk update
 ---> Using cache
 ---> 2f0b1a0090fc
Step 3/11 : RUN     apk add --no-cache --repository=http://dl-cdn.alpinelinux.org/alpine/edge/main libc6-compat
 ---> Using cache
 ---> 31ffdbfae41d
Step 4/11 : RUN     wget https://dl.grafana.com/oss/release/grafana-7.3.7.linux-amd64.tar.gz
 ---> Using cache
 ---> 24df8f85b962
Step 5/11 : RUN     tar -zxvf grafana-7.3.7.linux-amd64.tar.gz
 ---> Using cache
 ---> 6ba6b3097645
Step 6/11 : RUN     rm grafana-7.3.7.linux-amd64.tar.gz
 ---> Using cache
 ---> 7cd946f544af
Step 7/11 : COPY    grafana_setup.sh        setup.sh
 ---> Using cache
 ---> dcef953351b8
Step 8/11 : COPY    ./grafana.db            /grafana-7.3.7/data/grafana.db
 ---> d7e9db6485b3
Step 9/11 : EXPOSE  3000
 ---> Running in d16f9e0106e4
Removing intermediate container d16f9e0106e4
 ---> 0803741ac634
Step 10/11 : WORKDIR /grafana-7.3.7/
 ---> Running in 613df3eb9ec8
Removing intermediate container 613df3eb9ec8
 ---> c26ba410a9e3
Step 11/11 : CMD     ["sh", "/setup.sh"]
 ---> Running in 2c6e6a950037
Removing intermediate container 2c6e6a950037
 ---> 74afa0014953
Successfully built 74afa0014953
Successfully tagged grafana:latest
