Sending build context to Docker daemon  1.078MB
Step 1/11 : FROM 	alpine:latest
 ---> d6e46aa2470d
Step 2/11 : RUN 	apk update 		&& apk add nginx 					openssl 					openrc
 ---> Using cache
 ---> 18b7296f2fdd
Step 3/11 : COPY 	nginx.conf		/etc/nginx/
 ---> Using cache
 ---> 8b6b0faf4477
Step 4/11 : COPY	nginx_setup.sh	setup.sh
 ---> Using cache
 ---> fbdd330fb757
Step 5/11 : RUN		chmod +x 		setup.sh
 ---> Using cache
 ---> c14d93724d37
Step 6/11 : RUN		mkdir -p /etc/nginx/certs
 ---> Using cache
 ---> ac49b51262b2
Step 7/11 : RUN		mkdir -p /run/nginx
 ---> Using cache
 ---> 2dfda20d3beb
Step 8/11 : COPY	page /page/
 ---> Using cache
 ---> 8457d493fac2
Step 9/11 : RUN openssl req -x509 -nodes 	-subj '/C=FR/ST=PARIS/L=PARIS/O=42/CN=localhost' 	-days 1 -newkey rsa:1024 	-keyout /etc/ssl/private/nginx-selfsigned.key 	-out /etc/nginx/certs/nginx-selfsigned.crt
 ---> Using cache
 ---> 43f695682430
Step 10/11 : EXPOSE 80 443
 ---> Using cache
 ---> 57221e237c92
Step 11/11 : CMD ["sh", "./setup.sh"]
 ---> Using cache
 ---> 48bbe68b8e12
Successfully built 48bbe68b8e12
Successfully tagged image_nginx:latest
nginx: [emerg] bind() to 0.0.0.0:80 failed (98: Address in use)
nginx: [emerg] bind() to [::]:80 failed (98: Address in use)
nginx: [emerg] bind() to 0.0.0.0:443 failed (98: Address in use)
nginx: [emerg] bind() to [::]:443 failed (98: Address in use)
nginx: [emerg] bind() to 0.0.0.0:80 failed (98: Address in use)
nginx: [emerg] bind() to [::]:80 failed (98: Address in use)
nginx: [emerg] bind() to 0.0.0.0:443 failed (98: Address in use)
nginx: [emerg] bind() to [::]:443 failed (98: Address in use)
nginx: [emerg] bind() to 0.0.0.0:80 failed (98: Address in use)
nginx: [emerg] bind() to [::]:80 failed (98: Address in use)
nginx: [emerg] bind() to 0.0.0.0:443 failed (98: Address in use)
nginx: [emerg] bind() to [::]:443 failed (98: Address in use)
nginx: [emerg] bind() to 0.0.0.0:80 failed (98: Address in use)
nginx: [emerg] bind() to [::]:80 failed (98: Address in use)
nginx: [emerg] bind() to 0.0.0.0:443 failed (98: Address in use)
nginx: [emerg] bind() to [::]:443 failed (98: Address in use)
nginx: [emerg] bind() to 0.0.0.0:80 failed (98: Address in use)
nginx: [emerg] bind() to [::]:80 failed (98: Address in use)
nginx: [emerg] bind() to 0.0.0.0:443 failed (98: Address in use)
nginx: [emerg] bind() to [::]:443 failed (98: Address in use)
nginx: [emerg] still could not bind()
