docker build srcs/nginx -t nginx -mardi 9 février 2021, 14:42:39 (UTC+0100)
Sending build context to Docker daemon  1.317MB
Step 1/12 : FROM 	alpine:latest
 ---> e50c909a8df2
Step 2/12 : RUN 	apk update 		&& apk add nginx 					openssl
 ---> Using cache
 ---> 83045dcc5db7
Step 3/12 : RUN		apk add telegraf --repository http://dl-3.alpinelinux.org/alpine/edge/testing/ --allow-untrusted --no-cache
 ---> Using cache
 ---> 8010409f5569
Step 4/12 : COPY 	nginx.conf		/etc/nginx/
 ---> Using cache
 ---> 5a32dbc36ebb
Step 5/12 : COPY	nginx_setup.sh	setup.sh
 ---> Using cache
 ---> 24318c62182a
Step 6/12 : RUN		mkdir -p /etc/nginx/certs
 ---> Using cache
 ---> 9b12c956bed1
Step 7/12 : RUN		mkdir -p /run/nginx
 ---> Using cache
 ---> 677f8f10fe90
Step 8/12 : COPY	page			/page/
 ---> Using cache
 ---> f062b57f40e9
Step 9/12 : COPY	./telegraf.conf /etc/telegraf/telegraf.conf
 ---> Using cache
 ---> f0032797ce5b
Step 10/12 : RUN openssl req -x509 -nodes 	-subj '/C=FR/ST=PARIS/L=PARIS/O=42/CN=localhost' 	-days 365 -newkey rsa:2048 	-keyout /etc/ssl/private/nginx-selfsigned.key 	-out /etc/nginx/certs/nginx-selfsigned.crt
 ---> Using cache
 ---> 5f17d1ce2253
Step 11/12 : EXPOSE 35:80 36:443
 ---> Using cache
 ---> 71e544e94d0f
Step 12/12 : ENTRYPOINT ["sh", "./setup.sh"]
 ---> Using cache
 ---> f1ccd92bb639
Successfully built f1ccd92bb639
Successfully tagged nginx:latest
