m01
host: Running
kubelet: Running
apiserver: Running
kubeconfig: Configured

kubectl delete pods --all -vendredi 15 janvier 2021, 11:10:18 (UTC+0100)
pod "mysql-7b9967cb7-7zb2r" deleted
pod "nginx-785b56b869-5lfcn" deleted
pod "phpmyadmin-5b9bd8578b-j8bcv" deleted
pod "wordpress-688bf46b8f-nxj64" deleted
kubectl delete deployments --all -vendredi 15 janvier 2021, 11:11:05 (UTC+0100)
deployment.apps "mysql" deleted
deployment.apps "nginx" deleted
deployment.apps "phpmyadmin" deleted
deployment.apps "wordpress" deleted
kubectl delete svc --all -vendredi 15 janvier 2021, 11:11:05 (UTC+0100)
service "kubernetes" deleted
service "mysql-service" deleted
service "nginx-service" deleted
service "phpmyadmin-service" deleted
service "wordpress-service" deleted
kubectl delete pvc --all -vendredi 15 janvier 2021, 11:11:06 (UTC+0100)
persistentvolumeclaim "mysql" deleted
kubectl apply -f srcs/load_balancer/metallb-deployment.yaml -vendredi 15 janvier 2021, 11:11:45 (UTC+0100)
configmap/config unchanged
kubectl apply -f srcs/nginx/nginx-deployment.yaml -vendredi 15 janvier 2021, 11:11:47 (UTC+0100)
deployment.apps/nginx created
service/nginx-service created
kubectl apply -f srcs/wordpress/wordpress-deployment.yaml -vendredi 15 janvier 2021, 11:11:47 (UTC+0100)
deployment.apps/wordpress created
service/wordpress-service created
kubectl apply -f srcs/phpmyadmin/phpmyadmin-deployment.yaml -vendredi 15 janvier 2021, 11:11:49 (UTC+0100)
deployment.apps/phpmyadmin created
service/phpmyadmin-service created
kubectl apply -f srcs/mysql/mysql-deployment.yaml -vendredi 15 janvier 2021, 11:11:50 (UTC+0100)
persistentvolumeclaim/mysql created
deployment.apps/mysql created
service/mysql-service created
