docker build srcs/telegraf -t telegraf -mardi 23 février 2021, 11:39:54 (UTC+0100)
Sending build context to Docker daemon   7.68kB
Step 1/10 : FROM 	alpine:latest
latest: Pulling from library/alpine
ba3557a56b15: Pulling fs layer
ba3557a56b15: Verifying Checksum
ba3557a56b15: Download complete
ba3557a56b15: Pull complete
Digest: sha256:a75afd8b57e7f34e4dad8d65e2c7ba2e1975c795ce1ee22fa34f8cf46f96a3be
Status: Downloaded newer image for alpine:latest
 ---> 28f6e2705743
Step 2/10 : RUN			apk update
 ---> Running in c13e909c104d
fetch https://dl-cdn.alpinelinux.org/alpine/v3.13/main/x86_64/APKINDEX.tar.gz
fetch https://dl-cdn.alpinelinux.org/alpine/v3.13/community/x86_64/APKINDEX.tar.gz
v3.13.2-19-g1522534fa2 [https://dl-cdn.alpinelinux.org/alpine/v3.13/main]
v3.13.2-20-g1af5c5d835 [https://dl-cdn.alpinelinux.org/alpine/v3.13/community]
OK: 13877 distinct packages available
Removing intermediate container c13e909c104d
 ---> 7fc9aca5a08f
Step 3/10 : RUN			apk add wget
 ---> Running in 6f93e35506b9
(1/3) Installing libunistring (0.9.10-r0)
(2/3) Installing libidn2 (2.3.0-r0)
(3/3) Installing wget (1.21.1-r1)
Executing busybox-1.32.1-r3.trigger
OK: 8 MiB in 17 packages
Removing intermediate container 6f93e35506b9
 ---> 8ae741824bd5
Step 4/10 : RUN			apk add libc6-compat
 ---> Running in fe97d9c90558
(1/1) Installing libc6-compat (1.2.2-r0)
OK: 8 MiB in 18 packages
Removing intermediate container fe97d9c90558
 ---> 6ef9fdab3a85
Step 5/10 : RUN			wget https://dl.influxdata.com/telegraf/releases/telegraf-1.14.0-static_linux_amd64.tar.gz
 ---> Running in e7c976ccca69
[91m--2021-02-23 10:40:21--  https://dl.influxdata.com/telegraf/releases/telegraf-1.14.0-static_linux_amd64.tar.gz
[0m[91mResolving dl.influxdata.com (dl.influxdata.com)... [0m[91m99.86.89.86, 99.86.89.96, 99.86.89.35, ...
Connecting to dl.influxdata.com (dl.influxdata.com)|99.86.89.86|:443... [0m[91mconnected.
[0m[91mHTTP request sent, awaiting response... [0m[91m200 OK
Length: 21090630 (20M) [application/x-tar]
[0m[91mSaving to: 'telegraf-1.14.0-static_linux_amd64.tar.gz'
[0m[91m
     0K .[0m[91m......... ........[0m[91m.. .......... .....[0m[91m..... ..........  0%  324K 63s
    50K .......... .......[0m[91m... .......... ......[0m[91m.... ..........  0%  680K 47s
   100K .......... .......... .......... .......... ..........  0% 46.1M 31s
   150K .......... .......... .[0m[91m......... .......[0m[91m... ..........  0% 13.7M 24s
   200K .....[0m[91m..... .......... .......... .........[0m[91m. ..........  1%  662K 25s
   250K .......... .......... .......... .......... ..........  1% 97.7M 21s
   300K .......... .......... .......... .......... ..........  1%  195M 18s
   350K .......... .......... .......... .......... ..........  1%  191M 16s
   400K .......... .......... .....[0m[91m.[0m[91m.... .......... ..........  2%  706K 17s
   450K .......... .......... .......... .......... ....[0m[91m......  2% 44.0M 15s
   500K ..........[0m[91m .......... .......... .......... .....[0m[91m.....  2% 14.4M 14s
   550K .......... .[0m[91m......... .........[0m[91m. .......... ..........  2% 26.4M 13s
   600K .......... .......... .......... .......... ..........  3% 26.3M 12s
   650K .......... .......... .......... .......... ..........  3% 25.1M 11s
   700K .......... .......... .......... .......... ..........  3%  106M 10s
   750K .......... .......... .......... .......... ....[0m[91m......  3% 52.9M 10s
   800K ..........[0m[91m .......... .......... .......... [0m[91m..[0m[91m........  4% 30.0M 9s
   850K .......... ........[0m[91m.. .......... .......... .[0m[91m.........  4%  808K 10s
   900K .[0m[91m......... .......... .......... ....[0m[91m...... [0m[91m..[0m[91m........  4% 11.5M 9s
   950K .......... .......... .......[0m[91m... .....[0m[91m..... ..........  4% 23.0M 9s
  1000K ...[0m[91m....... ..........[0m[91m .......... .......... ..........  5% 30.0M 9s
  1050K ..[0m[91m........ .......... .......... .......... ..........  5% 48.7M 8s
  1100K .......... ...[0m[91m....... .[0m[91m......... .......... ..........  5% 16.8M 8s
  1150K .......... .........[0m[91m. .......... .......... ..........  5% 22.5M 8s
  1200K .......... .......... .......... ...[0m[91m....... ..........  6% 11.9M 7s
  1250K .......... .......... .......... .......... ..........  6% 19.4M 7s
  1300K .......... .......... .......... .......... ..........  6% 47.1M 7s
  1350K .......... .......... .......... .......... ..........  6%  167M 7s
  1400K .......... .......... .......... .......... ..........  7%  183M 6s
  1450K .......... .......... .......... .......... ..........  7%  199M 6s
  1500K .......... .......... .......... .......... ..........  7%  152M 6s
  1550K .......... .......... .......... .......... ..........  7%  227M 6s
  1600K .......... .......... .......... .......... ..........  8%  205M 5s
  1650K .......... .......... .......... .......... ..........  8%  226M 5s
  1700K .......... .......... .......... .......... ..........  8%  215M 5s
  1750K ..[0m[91m........ .......... .......... .......... ..........  8%  903K 6s[0m[91m
  1800K .[0m[91m.[0m[91m........ .......[0m[91m... .......... ..[0m[91m.[0m[91m....... .........[0m[91m.[0m[91m  8%[0m[91m 7.30M 5s
  1850K .......... .....[0m[91m..... ........[0m[91m.. .[0m[91m......... .......[0m[91m...  9% 7.58M 5s
  1900K .......... ...[0m[91m....... .[0m[91m........[0m[91m. .......... .....[0m[91m.....  9% 9.94M 5s
  1950K ...[0m[91m....... .[0m[91m.........[0m[91m .......... ........[0m[91m.[0m[91m. ..........  9% 6.83M 5s
  2000K .[0m[91m........[0m[91m. .......[0m[91m... .......... ...[0m[91m.[0m[91m...... [0m[91m.........[0m[91m.  9% 6.71M 5s
  2050K .......... .....[0m[91m..... .......... ..[0m[91m........ .......... 10% 58.8M 5s
  2100K ......[0m[91m.... ..........[0m[91m ..........[0m[91m .......... .......... 10% 58.5M 5s
  2150K .......... ..[0m[91m........ ........[0m[91m.. .......... .......... 10% 50.8M 5s
  2200K ..[0m[91m........[0m[91m .......... ..........[0m[91m .......... .......... 10% 55.1M 5s
  2250K ....[0m[91m...... ..[0m[91m........ ........[0m[91m.. ......[0m[91m.... .......... 11% 45.4M 5s
  2300K .......... ....[0m[91m...... .[0m[91m........[0m[91m. .......... .......... 11% 31.1M 4s
  2350K ...[0m[91m....... .......... ...[0m[91m....... .........[0m[91m. .......... 11% 51.0M 4s
  2400K .....[0m[91m..... ..........[0m[91m .......... .......[0m[91m... .......... 11% 40.9M 4s
  2450K ..[0m[91m.[0m[91m....... ..........[0m[91m .......... .....[0m[91m..... .......... 12% 50.3M 4s
  2500K .......... .......[0m[91m... .[0m[91m......... .......[0m[91m... .......... 12% 62.3M 4s
  2550K ....[0m[91m...... ..........[0m[91m .......... ..[0m[91m........[0m[91m .......... 12% 31.0M 4s
  2600K .......... .......... ..[0m[91m........ ....[0m[91m...... .......... 12%[0m[91m 48.1M 4s
  2650K .......... ......[0m[91m.... .......... .......... ........[0m[91m.[0m[91m. 13% 62.6M 4s
  2700K .......... .......... .......... .......... .[0m[91m......... 13% 77.2M 4s
  2750K .......... .......... .......[0m[91m... .......... ...[0m[91m....... 13% 77.2M 4s
  2800K .......... ....[0m[91m...... ..........[0m[91m .......... .......[0m[91m... 13% 27.1M 4s
  2850K .......... .......... .........[0m[91m. .......... .....[0m[91m..... 14% 55.7M 4s
  2900K .......... .[0m[91m......... .......... .......... .......... 14% 69.1M 3s
  2950K .........[0m[91m. ........[0m[91m.. .......... .......... .......... 14% 63.0M 3s
  3000K ...[0m[91m....... .......[0m[91m... .......... .......... .......... 14% 68.4M 3s
  3050K .......... .......... .......... ..[0m[91m........[0m[91m ........[0m[91m.. 15% 29.0M 3s
  3100K .......... ....[0m[91m...... .......... .......... .......... 15% 75.4M 3s
  3150K .......... .......... ........[0m[91m.. .......... .......... 15% 59.8M 3s
  3200K ..[0m[91m........ .......... .......... .......... .......... 15% 49.0M 3s
  3250K .......... .....[0m[91m..... .......... .......... .......... 16% 39.9M 3s
  3300K .......... ...[0m[91m....... .........[0m[91m. .......... .......... 16% 92.7M 3s
  3350K .......... .......... .......... .......... .......... 16% 68.1M 3s
  3400K .[0m[91m......... .......... .....[0m[91m..... ...[0m[91m....... .......... 16% 78.4M 3s
  3450K .......... ......[0m[91m.... .......... .......... ........[0m[91m.. 16% 53.4M 3s
  3500K .......... .......... .......... .......... .....[0m[91m..... 17% 3.82M 3s
  3550K .......... .[0m[91m......[0m[91m... .......[0m[91m... .....[0m[91m..... ..[0m[91m........ 17% 9.48M 3s
  3600K .[0m[91m......... .......[0m[91m... .......... ..[0m[91m.[0m[91m....... .[0m[91m.[0m[91m.......[0m[91m. 17% 4.91M 3s
  3650K .......[0m[91m... .....[0m[91m...[0m[91m.. .......... .[0m[91m......... .......[0m[91m... 17% 7.84M 3s
  3700K .......... ...[0m[91m....... .[0m[91m......... .......[0m[91m... .......... 18% 11.7M 3s
  3750K ...[0m[91m....... .[0m[91m........[0m[91m. .......... .....[0m[91m..... .......... 18% 7.54M 3s[0m[91m
  3800K .......... ......[0m[91m.... .......... ..[0m[91m........ ........[0m[91m.. 18% 7.83M 3s
  3850K .......... ....[0m[91m.[0m[91m..... ..[0m[91m..[0m[91m...... ..........[0m[91m ........[0m[91m.. 18% 11.3M 3s
  3900K ......[0m[91m.... .......... .......... ....[0m[91m......[0m[91m .....[0m[91m..... 19% 8.78M 3s
  3950K .......... .......... .......[0m[91m... .......... .......... 19%  134M 3s
  4000K .......... .......... .......... .......... .......... 19%  111M 3s
  4050K ........[0m[91m.. .......... .......... .......... .[0m[91m......... 19%  125M 3s
  4100K .......[0m[91m... .......... .......... .......... .......... 20% 54.0M 3s
  4150K .......... ..........[0m[91m .......... .......... .......... 20%  175M 3s
  4200K .......... .......... .......... .......... .......... 20%  137M 3s
  4250K .......... .......... .......... .......... .........[0m[91m. 20%  107M 2s
  4300K .......... .....[0m[91m..... .......... .......... .......... 21%  103M 2s
  4350K .......... .......... .[0m[91m......... .......... .......... 21% 82.2M 2s
  4400K .......... .......... .......... ....[0m[91m...... .......... 21% 88.9M 2s
  4450K .......... .......... ....[0m[91m...... .......[0m[91m... .......... 21% 71.7M 2s
  4500K .......... .......... .......... .......... .......... 22% 75.7M 2s
  4550K ....[0m[91m.[0m[91m..... .......... .......... .......... .......... 22%  126M 2s
  4600K ..........[0m[91m .......... ......[0m[91m.... .......... .......... 22% 65.7M 2s[0m[91m
  4650K[0m[91m .[0m[91m......... .......... .......... .......... .......... 22% 33.1M 2s
  4700K .......... .......... .......... .......... .......... 23%  107M 2s
  4750K .......... ..[0m[91m........ ........[0m[91m.. .......... .......... 23%  112M 2s
  4800K .......... .......... .......[0m[91m... .......... .......... 23%  141M 2s
  4850K .........[0m[91m. .......... .......... .......... .......... 23%  101M 2s
  4900K .......... .....[0m[91m..... .......... .[0m[91m......... .......... 24%  116M 2s
  4950K .....[0m[91m..... .......... .......... .......... .......... 24% 47.8M 2s
  5000K .......... .........[0m[91m. .......... .......... .......... 24%  165M 2s
  5050K .......... .......[0m[91m... .......... .......... .........[0m[91m. 24% 57.7M 2s
  5100K .......... .......... .......... ........[0m[91m.. .......... 25% 45.7M 2s
  5150K .......[0m[91m... .......... .......... .......... .......... 25% 54.9M 2s
  5200K .......... .......... .......... .......... .......[0m[91m... 25%  117M 2s
  5250K[0m[91m .......... .......... .......... .......... .......... 25% 97.6M 2s
  5300K .........[0m[91m. .......... .......... .......... .......... 25% 60.2M 2s
  5350K .......[0m[91m... .....[0m[91m..... .......... .......... .......... 26%  154M 2s
  5400K .......... .......... .......[0m[91m... .......... .......... 26% 52.1M 2s
  5450K .......... .......[0m[91m... .......... .......... .......... 26% 91.6M 2s
  5500K .......... .......... .......... ..........[0m[91m .......... 26%  136M 2s
  5550K[0m[91m .......... .......... ...[0m[91m....... .......... .......... 27%  147M 2s
  5600K .......... .......... .......... .......... .......... 27%  118M 2s
  5650K ...[0m[91m....... .........[0m[91m. .......... .......... ...[0m[91m....... 27% 76.4M 2s
  5700K .......... .......... .......... ..[0m[91m........ ........[0m[91m.. 27% 68.7M 2s
  5750K .......... .......... .......... .........[0m[91m. .......... 28% 76.5M 2s
  5800K .......... .......... .[0m[91m......... .......... .......... 28% 57.6M 2s
  5850K .......... .[0m[91m......... .......... .......... .......... 28%  128M 2s
  5900K .[0m[91m......... .......[0m[91m... .......... .......... .......... 28%  104M 2s
  5950K .......... .......... ...[0m[91m....... .........[0m[91m. .......... 29% 66.4M 2s
  6000K .......... .......... ........[0m[91m.. .......... .......... 29% 95.5M 2s
  6050K .......... .......... .......... .......... .......... 29% 61.6M 2s
  6100K .....[0m[91m.[0m[91m.... .......... .......... .......[0m[91m... .......... 29% 17.7M 2s
  6150K .....[0m[91m..... .......... .......... .....[0m[91m..... .......... 30% 33.6M 2s
  6200K .[0m[91m......... .......... .......[0m[91m.[0m[91m.. .....[0m[91m..... ...[0m[91m....... 30% 25.3M 2s
  6250K[0m[91m .........[0m[91m. .......... .....[0m[91m..... .......... .[0m[91m......... 30% 14.2M 2s
  6300K .......[0m[91m... .....[0m[91m..... .......... .......... .......... 30% 20.0M 2s
  6350K .......... .......... .[0m[91m.....[0m[91m.... .......... .......... 31% 66.7M 2s
  6400K .........[0m[91m. .......... .....[0m[91m..... .......... .[0m[91m......... 31% 20.6M 2s
  6450K .......[0m[91m... .......... ...[0m[91m....... .........[0m[91m. .......... 31% 28.3M 2s
  6500K .......... .......... .[0m[91m......... .......... .....[0m[91m.[0m[91m.... 31% 80.0M 1s
  6550K ...[0m[91m....... .........[0m[91m. .......... .......... ...[0m[91m....... 32% 20.0M 1s
  6600K .[0m[91m......... .......[0m[91m... ...[0m[91m....... ...[0m[91m....[0m[91m... .........[0m[91m.[0m[91m 32% 15.1M 1s
  6650K .......... .....[0m[91m.[0m[91m.... .......... .......... .......[0m[91m... 32% 28.8M 1s
  6700K .......... ...[0m[91m....... .........[0m[91m. .......... .......... 32% 31.6M 1s
  6750K .......... .[0m[91m......... .......[0m[91m.[0m[91m.. .......... ...[0m[91m....... 33% 28.1M 1s
  6800K .........[0m[91m. .......... .....[0m[91m..... .......... .[0m[91m......... 33% 27.4M 1s
  6850K .......[0m[91m... .......... ...[0m[91m....... .......... .........[0m[91m.[0m[91m 33% 74.9M 1s
  6900K .....[0m[91m..... ...[0m[91m....... .......... .......... .....[0m[91m..... 33% 20.1M 1s
  6950K ...[0m[91m....... .........[0m[91m. .......... .....[0m[91m..... ...[0m[91m....... 33% 26.1M 1s
  7000K .[0m[91m......... ....[0m[91m...... ..........[0m[91m .......... .[0m[91m........[0m[91m. 34% 15.7M 1s
  7050K .......... .....[0m[91m.[0m[91m.... .......... .[0m[91m......... .......... 34% 25.9M 1s
  7100K .....[0m[91m..... .......... .......... .......... .......... 34% 16.9M 1s
  7150K .......... .......... .......... .......... .......... 34%  185M 1s
  7200K .......... .......... .......... .......... .......... 35%  194M 1s
  7250K .......... .......... .......... .......... .......... 35%  145M 1s
  7300K .......... .......... .......... .......... .......... 35% 80.6M 1s
  7350K ...[0m[91m....... .......... .......... .......... .......... 35%  198M 1s
  7400K .......... .......... .......... .......... .......... 36% 67.1M 1s
  7450K .......... ....[0m[91m...... .......... .[0m[91m......... .......[0m[91m... 36% 25.8M 1s
  7500K .......... .......... .[0m[91m......... .......... .......... 36% 23.8M 1s
  7550K .......... .......... .......... .......... .......... 36% 29.5M 1s
  7600K .......... .......... .......... .......... ....[0m[91m...... 37% 16.5M 1s
  7650K .......... .......... .......... .......... .......... 37% 21.0M 1s
  7700K .......... .......... .......... .......[0m[91m... .......... 37% 81.8M 1s
  7750K .......... .........[0m[91m. .......... .......... .......... 37% 43.5M 1s
  7800K .[0m[91m......... .......[0m[91m... .......... .......... .........[0m[91m. 38% 30.7M 1s
  7850K .......... .......... ....[0m[91m...... .[0m[91m......... .......... 38% 26.2M 1s
  7900K .....[0m[91m..... .......... .......... .......... .......... 38% 25.6M 1s
  7950K .......... .......... .......... .......... .......... 38% 67.6M 1s
  8000K .......... .......... .......... .......... .......... 39% 49.1M 1s
  8050K .......... .......... .......... .......... .......... 39%  161M 1s
  8100K .......... .......... .......... .......... .......... 39%  105M 1s
  8150K .......... .......... .......... .......... .......... 39% 41.5M 1s
  8200K .......... .......... .......... .......... .......... 40% 61.4M 1s
  8250K .......... .......... .......... .[0m[91m......... .......... 40% 21.7M 1s
  8300K .......... .......... ........[0m[91m.. .......... .......... 40% 51.4M 1s
  8350K .......... .......... ......[0m[91m.... .......... ...[0m[91m....... 40% 12.2M 1s
  8400K .........[0m[91m. .......... .....[0m[91m..... .......... .[0m[91m........[0m[91m. 41% 11.4M 1s
  8450K .......[0m[91m... .......... ...[0m[91m....... .[0m[91m......... .......... 41% 7.21M 1s
  8500K .......... .......... .......... .......... .......... 41% 32.3M 1s
  8550K .......... .......... .......... .......... .......... 41% 49.3M 1s
  8600K .[0m[91m......... .......... .......... .......... .......... 41% 27.6M 1s
  8650K .......... .......... .......... .......... .......... 42% 46.6M 1s
  8700K .......... .......... .......... .......... .......... 42% 63.9M 1s
  8750K .......... .......... .......... .......... .......... 42%  111M 1s
  8800K .......... .......... .......... .......... .......... 42% 54.3M 1s
  8850K .......... .......... .......... .......... .......... 43% 92.0M 1s
  8900K .......... .......... .......... .......... .......... 43% 56.5M 1s
  8950K .......... .......... .......... .......... .......... 43%  130M 1s
  9000K .......... .......... .......... .......... .......... 43%  125M 1s
  9050K .......... .....[0m[91m..... .......... .......... .......... 44% 95.2M 1s
  9100K .......... .......... .......... .......... .......... 44%  132M 1s
  9150K .......... .......... .......... .......... .......... 44%  154M 1s
  9200K .......... .......... .......... .......... .......... 44%  154M 1s
  9250K .......... .......... .......... .......... .......... 45% 77.0M 1s
  9300K .......... .......... .......... .......... .......... 45% 32.4M 1s
  9350K .......... .......... .......... .......... .......... 45%  113M 1s
  9400K .......... .......... .......... .......... ........[0m[91m.. 45% 32.8M 1s
  9450K .......... .......... .......... .......... .......... 46%  102M 1s
  9500K .......... .......... .......... .......... .......... 46% 34.1M 1s
  9550K .......... .......... .......... .......... .......... 46% 92.5M 1s
  9600K .......... .......... .......... .......... .......... 46% 79.8M 1s
  9650K .......... .......... .......... .......... .......... 47%  187M 1s
  9700K .......... .......... .......... .......... .......... 47% 96.1M 1s
  9750K .......... .......... .......... .......... .......... 47% 55.7M 1s
  9800K .......... .......... .......... .......... .......... 47%  152M 1s
  9850K .......... .......... .......... .......... .......... 48% 65.2M 1s
  9900K .......... .......... .......... .......... .......... 48% 81.9M 1s
  9950K .......... .......... .......... .......... .......... 48% 95.6M 1s
 10000K .......... .......... .......... .......... .......... 48% 97.4M 1s
 10050K .......... .......... .......... .......... .......... 49% 70.0M 1s
 10100K .......... .......... .......... .......... .......... 49% 59.4M 1s
 10150K .......... .......... .......... .......... .......... 49%  142M 1s
 10200K .......... .......... .......... .......... .......... 49% 92.6M 1s
 10250K .......... .......... .......... .......... .......... 50% 78.8M 1s
 10300K .......... .......... .........[0m[91m. .......... .......... 50% 27.8M 1s
 10350K .......... .......... .......... .......... .......... 50% 89.0M 1s
 10400K ..[0m[91m........ .......... .......... .......... .......... 50% 52.5M 1s
 10450K .......... .......... .......... .......... .......... 50% 38.4M 1s
 10500K .......... .......... .......... .......... .......... 51% 51.8M 1s
 10550K .......... .......... .......... .......... .......... 51%  133M 1s
 10600K .......... .......... .......... .......... .......... 51%  121M 1s
 10650K .......... .......... .......... .......... .......... 51% 46.8M 1s
 10700K .......... .......... .......... .......... .......... 52% 56.2M 1s
 10750K .......... .......... .......... .......... .......... 52%  131M 1s
 10800K .......... .......... .......... .......... .......... 52% 53.1M 1s
 10850K .......... .......... .......... ........[0m[91m.. .......... 52% 69.6M 1s
 10900K .......... .......... .......... .......... .......... 53% 40.9M 1s
 10950K .......... .......... .......... .......... .......... 53% 62.4M 1s
 11000K ......[0m[91m.... .......... .......... .......... .......... 53% 75.4M 1s
 11050K .......... .......... .......... .......... .......... 53% 27.1M 1s
 11100K .......... .......... .......... .......... .......... 54% 35.4M 1s
 11150K .......... .......... .......... .......... .......... 54%  108M 1s
 11200K .......... .......... .....[0m[91m..... .......... .[0m[91m......... 54% 1.93M 1s
 11250K .......[0m[91m... .......... .....[0m[91m..... .......... .......... 54% 27.7M 1s
 11300K .......... [0m[91m.......... ..[0m[91m..[0m[91m...... ...[0m[91m....... ....[0m[91m...... 55% 6.45M 1s
 11350K ..[0m[91m......[0m[91m.. .......... .......... .......... .......... 55% 12.6M 1s
 11400K ...[0m[91m....... .......... .......... .......... [0m[91m.......... 55% 32.7M 1s
 11450K .......... .......... .......... .......... .......... 55% 60.4M 1s
 11500K ......[0m[91m.... .......... .......... .......... .......... 56% 42.2M 1s
 11550K .......... .......... .......... .......... .......... 56% 46.5M 1s
 11600K .......... .......[0m[91m... .......... .......... .......... 56% 48.4M 1s
 11650K .......... .......... .......... .......... .......... 56%  210M 1s
 11700K .......... .......... .......... ........[0m[91m.. .......... 57% 68.6M 1s
 11750K .......... .......... .......... .......... .......... 57%  152M 1s
 11800K .[0m[91m......... .......[0m[91m... .......... .......... .........[0m[91m. 57% 16.7M 1s
 11850K .......... .......... .......... .......... .......... 57%  107M 1s
 11900K .......... ..[0m[91m.[0m[91m.......[0m[91m [0m[91m........[0m[91m.. ...[0m[91m.....[0m[91m.. .......... 58% 16.1M 1s
 11950K .......... .[0m[91m.[0m[91m........ .......... .......... ....[0m[91m...... 58% 51.9M 1s
 12000K ..[0m[91m........[0m[91m .......... ......[0m[91m.... ....[0m[91m...... .......... 58% 38.9M 1s[0m[91m
 12050K .......... .....[0m[91m..... .......[0m[91m... .........[0m[91m.[0m[91m .......... 58% 30.0M 1s
 12100K .......... .......... ...[0m[91m....... .........[0m[91m. .......... 58%[0m[91m 70.0M 1s
 12150K ...[0m[91m....... .......... .......... .....[0m[91m..... .......... 59% 44.9M 1s
 12200K .......... ......[0m[91m.... .........[0m[91m. ..[0m[91m........ ........[0m[91m.[0m[91m. 59% 29.9M 1s
 12250K .......[0m[91m... ....[0m[91m...... ..........[0m[91m .......... ......[0m[91m.... 59% 31.5M 1s
 12300K .......... .......... .......... .......... .......... 59% 37.9M 1s
 12350K .......... .......... .......[0m[91m... .......... ...[0m[91m....... 60% 82.3M 1s
 12400K .........[0m[91m. .......[0m[91m.[0m[91m.. .....[0m[91m..... .......... .[0m[91m..[0m[91m....... 60% 59.8M 1s
 12450K .[0m[91m......... ..[0m[91m.....[0m[91m... ....[0m[91m...... ..........[0m[91m .......... 60% 33.5M 1s
 12500K ......[0m[91m.... ..........[0m[91m .[0m[91m........[0m[91m. .......[0m[91m... ...[0m[91m.[0m[91m...... 60% 47.0M 1s[0m[91m
 12550K ...[0m[91m....... .........[0m[91m. .......... .........[0m[91m. .......... 61% 38.4M 1s
 12600K .....[0m[91m..... .......... .[0m[91m......... ..[0m[91m.....[0m[91m... .......... 61%[0m[91m 66.9M 1s
 12650K[0m[91m ...[0m[91m....... .........[0m[91m. ......[0m[91m.... .......... .......... 61% 25.6M 1s
 12700K .......... .......[0m[91m... .......... .......... .......... 61%  114M 1s
 12750K .......... .......... .......... .......... .......[0m[91m... 62% 71.2M 1s
 12800K .......... .......... .[0m[91m......... .......... ....[0m[91m..[0m[91m.... 62%[0m[91m 79.8M 1s
 12850K .......... .......... .......... .....[0m[91m..... ...[0m[91m....... 62% 43.4M 1s
 12900K .[0m[91m......... .......... [0m[91m......[0m[91m.... ....[0m[91m...... .[0m[91m........[0m[91m. 62% 34.4M 1s
 12950K .......[0m[91m... .......... ...[0m[91m....... .....[0m[91m....[0m[91m. .......... 63% 25.7M 1s
 13000K .......... ....[0m[91m...... .[0m[91m......... .......... .......... 63% 35.8M 1s
 13050K ....[0m[91m...... ..[0m[91m.......[0m[91m. .......[0m[91m... ......[0m[91m.... .......... 63% 27.7M 1s
 13100K ..[0m[91m........ .......... ......[0m[91m.... .......... .......... 63% 49.2M 1s
 13150K ..........[0m[91m .......... .......[0m[91m... .......... ...[0m[91m....... 64% 50.9M 0s
 13200K .........[0m[91m. .......... .....[0m[91m..... ...[0m[91m....... .......... 64% 36.7M 0s
 13250K .......... ........[0m[91m.. .......[0m[91m... ..[0m[91m........ .......[0m[91m... 64% 38.7M 0s
 13300K .......... .......... .........[0m[91m. .......[0m[91m... .......... 64% 46.9M 0s
 13350K ...[0m[91m....... .........[0m[91m. .......... .......... ......[0m[91m.... 65% 36.1M 0s
 13400K .......... .......[0m[91m... .....[0m[91m..... .......... .[0m[91m......... 65% 28.8M 0s
 13450K .......[0m[91m... .......... .......... .......... .......... 65% 76.6M 0s
 13500K .......... .......... .......... .......... .......... 65% 71.0M 0s
 13550K .......... .......... .......... .......... .......... 66%  235M 0s
 13600K .......... .......... .......... .......... .......... 66%  181M 0s
 13650K .......... .......... .......... .......... .......... 66%  122M 0s
 13700K .......... .......... .......... .......... .......... 66%  189M 0s
 13750K .......... .......... .......... .......... .......... 67%  198M 0s
 13800K .[0m[91m......... .......... .......... .......... .......... 67% 3.85M 0s
 13850K .......... .......... .......... .......... .......... 67%  203M 0s
 13900K .......... .......... .......... .......... .......... 67% 98.6M 0s
 13950K .......... .......... .......... .......... .......... 67% 75.0M 0s
 14000K .......... .......... .......... .......... .......... 68% 61.4M 0s
 14050K .......... .......... .......... .......... .......... 68% 37.4M 0s
 14100K .......... .......... .......... .......... .......... 68% 37.1M 0s
 14150K .......... .......... .......... .......... .......... 68% 83.4M 0s
 14200K .......... .......... .......... ...[0m[91m....... .......... 69% 20.1M 0s
 14250K .......... .......... .......... .......... .......[0m[91m... 69% 23.8M 0s
 14300K .......... .......... .......... .......... .....[0m[91m..... 69%  116M 0s
 14350K .......... .[0m[91m......... .......[0m[91m... .......... .......... 69% 12.3M 0s
 14400K .......... .......... .....[0m[91m..... .......... .......... 70% 64.2M 0s
 14450K .......... .......... .......... .......... .......... 70% 58.2M 0s
 14500K .......... .......... .......... .......... .......... 70% 84.5M 0s
 14550K ...[0m[91m....... .......... .......... .......... .......... 70% 19.3M 0s
 14600K .......... .......... .......... ...[0m[91m....... .........[0m[91m. 71% 19.4M 0s
 14650K .......... .......... .......... .......... .......[0m[91m... 71% 57.5M 0s
 14700K .....[0m[91m..... ..[0m[91m........ .......... .......... .......... 71% 32.5M 0s
 14750K .......... .......... .......... .......... .......... 71% 46.8M 0s
 14800K .......... ......[0m[91m.... ....[0m[91m...... .......... .......... 72% 9.34M 0s
 14850K .......... .......... .......... ........[0m[91m.. .......... 72% 28.9M 0s
 14900K .......... .......... .......... .......... .......... 72% 59.1M 0s
 14950K .......... .......... .......... .......... .......... 72% 76.8M 0s
 15000K .......... .......... .......... .......... .......... 73%  193M 0s
 15050K .......... .......... .......... .......... .......... 73% 88.4M 0s
 15100K .......... .......... ..[0m[91m........ ........[0m[91m.. .......... 73% 35.2M 0s
 15150K ....[0m[91m...... .......... .......... ......[0m[91m.... .......... 73% 17.4M 0s
 15200K ..[0m[91m........ .......... .......... ....[0m[91m...... .......... 74% 11.0M 0s
 15250K .......[0m[91m... .......... ...[0m[91m....... .......... .......... 74% 17.5M 0s
 15300K .....[0m[91m..... .......... .......... .......... .......... 74% 48.4M 0s
 15350K .......... .......... .......... .......... .......... 74%  104M 0s
 15400K .......... .......... .......... .......... .........[0m[91m. 75% 23.4M 0s
 15450K .......... .....[0m[91m..... .......... .......... .......... 75% 41.9M 0s
 15500K .......... ...[0m[91m....... .......... .......... .......... 75% 62.8M 0s
 15550K .......... .......... .......... .......... ...[0m[91m....... 75% 17.2M 0s
 15600K .......... .......... .......... .......... .......... 75% 83.8M 0s
 15650K .......... .......... .......... .........[0m[91m. .......... 76% 33.2M 0s
 15700K .......... .......... .[0m[91m......... .......... .......... 76% 20.5M 0s
 15750K ...[0m[91m....... .......... .......... .....[0m[91m..... .......... 76% 21.0M 0s
 15800K .......... .......[0m[91m... .......... .......... .........[0m[91m. 76% 12.3M 0s
 15850K .......... .......... .......... .......... .......... 77% 99.2M 0s
 15900K .......... ...[0m[91m....... .......... .......... .......... 77% 55.0M 0s
 15950K .......... .......... .......... .......... .......... 77% 47.3M 0s
 16000K .......... .......... .......... .......... .[0m[91m......... 77% 38.5M 0s
 16050K .......... .......... .......... .......... .......... 78% 62.8M 0s
 16100K .......... .......... .......... .......... .......... 78% 43.0M 0s
 16150K .......... .......... .......... .......... .......... 78% 50.6M 0s
 16200K .[0m[91m......... .......... .......... ...[0m[91m....... .......... 78% 18.0M 0s
 16250K .......... .......... .......... .......... .......[0m[91m... 79% 32.8M 0s
 16300K .......... ...[0m[91m....... .......... .......... .......... 79% 5.62M 0s
 16350K .......... .......... .......... .......... .......... 79% 48.5M 0s
 16400K .......... .......... .......... .......... .......... 79%  112M 0s
 16450K .......... .......... .......... .......... .......... 80% 22.2M 0s
 16500K .......... .......... .......... .......[0m[91m... .......... 80% 7.13M 0s
 16550K ..[0m[91m........ ........[0m[91m.. .......... ...[0m[91m..[0m[91m..... ....[0m[91m...... 80% 14.2M 0s
 16600K .......... .......[0m[91m... .......... .......... .........[0m[91m. 80% 21.4M 0s
 16650K .......... .......... .......... .......... ...[0m[91m....... 81% 23.7M 0s
 16700K .......... .......... .......... .......... .......... 81%  101M 0s
 16750K .......... .......... .......... .......... .......... 81%  156M 0s
 16800K .......... .......... .......... .......... .......... 81% 65.7M 0s
 16850K .......... .......... .......... .......... .......... 82% 81.3M 0s
 16900K .......... .......... .......... .......... .......... 82%  229M 0s
 16950K .......... .......... .......... .......... .......... 82%  109M 0s
 17000K .......... .......... .......... .......... .........[0m[91m. 82% 26.2M 0s
 17050K .......... .......... .......... [0m[91m.........[0m[91m. .......... 83% 30.4M 0s
 17100K .......... .......... .........[0m[91m. .......... .......... 83% 14.6M 0s
 17150K .......... .......... .......... .......... ...[0m[91m....... 83% 11.0M 0s
 17200K .........[0m[91m. .......... .......... .......... .......... 83% 42.7M 0s
 17250K ......[0m[91m.... .[0m[91m...[0m[91m...... ..[0m[91m.[0m[91m....... .........[0m[91m. .......... 83% 12.4M 0s
 17300K ...[0m[91m..[0m[91m..... ...[0m[91m....... ..........[0m[91m .......[0m[91m... .......... 84% 16.7M 0s
 17350K ...[0m[91m....... .........[0m[91m. .......... .....[0m[91m..... .......... 84%[0m[91m 35.6M 0s
 17400K .[0m[91m.....[0m[91m.... .......[0m[91m... .......... ...[0m[91m....... .........[0m[91m. 84% 20.5M 0s
 17450K .......... .......... .......... .[0m[91m......... .......[0m[91m... 84% 54.4M 0s
 17500K .......... ...[0m[91m....... .[0m[91m........[0m[91m. .......... .....[0m[91m..... 85% 23.1M 0s
 17550K ......[0m[91m.... .......... .......... .......... ...[0m[91m..[0m[91m..... 85%  144M 0s
 17600K .........[0m[91m. .......... .....[0m[91m..... ...[0m[91m....... .......... 85% 24.5M 0s
 17650K .......[0m[91m... .........[0m[91m. ...[0m[91m....... .......... .......[0m[91m... 85% 44.4M 0s
 17700K .....[0m[91m..... ....[0m[91m...... ..........[0m[91m ........[0m[91m.. ......[0m[91m.... 86% 15.0M 0s
 17750K ...[0m[91m....... .......... ........[0m[91m.. .....[0m[91m..... .......... 86% 16.4M 0s
 17800K .[0m[91m......... .......[0m[91m... .......... ...[0m[91m....... .......... 86% 13.1M 0s
 17850K .......[0m[91m... ....[0m[91m.[0m[91m..... ...[0m[91m....... .[0m[91m........[0m[91m. .......[0m[91m... 86% 14.5M 0s
 17900K .....[0m[91m..... ...[0m[91m....... .........[0m[91m. .......[0m[91m... ....[0m[91m...... 87% 14.3M 0s
 17950K .......... ........[0m[91m.. ......[0m[91m.... .......... ..[0m[91m.....[0m[91m.[0m[91m.. 87% 22.4M 0s
 18000K ........[0m[91m.. .......... .......... ..[0m[91m........[0m[91m ........[0m[91m.. 87% 15.4M 0s
 18050K ......[0m[91m.... .......... ..........[0m[91m .......... .......... 87% 29.0M 0s
 18100K .......... .......... .......... .......[0m[91m... .....[0m[91m..... 88% 79.9M 0s
 18150K .......... .......... .......... .......... .......... 88% 37.5M 0s
 18200K .......... .......... .......... .......... .......... 88% 62.8M 0s
 18250K .......... .......[0m[91m... .....[0m[91m..... .......... .[0m[91m......... 88% 18.1M 0s
 18300K .......... .......... .......... .......... .......... 89% 30.7M[0m[91m 0s
 18350K .....[0m[91m..... .......... .[0m[91m......... .......... .......... 89% 63.9M 0s
 18400K .......... .......... .......... .....[0m[91m..... ...[0m[91m....... 89% 18.3M 0s
 18450K .[0m[91m......... .......... .....[0m[91m..... .......... .......... 89% 30.9M 0s
 18500K .......... ..[0m[91m........ ........[0m[91m.. .......... .......... 90% 10.5M 0s
 18550K .......... .......... ......[0m[91m.... .......... .......... 90% 19.5M 0s
 18600K .......... .......... ....[0m[91m...... .......... .......... 90% 14.8M 0s
 18650K .......... ....[0m[91m...... ..........[0m[91m .......... .......... 90% 47.1M 0s
 18700K .......... .......... ........[0m[91m.. .......... .......... 91% 31.4M 0s
 18750K ..........[0m[91m .......... ......[0m[91m.... .......... .......... 91% 47.6M 0s[0m[91m
 18800K .......... .......... ....[0m[91m...... ..[0m[91m........ .......... 91% 19.6M 0s
 18850K .......... .......[0m[91m... .......[0m[91m... ...[0m[91m....... .......[0m[91m..[0m[91m. 91% 15.4M 0s
 18900K .......... ...[0m[91m....... .[0m[91m......... .......[0m[91m... .......... 92% 19.1M 0s
 18950K ...[0m[91m....... .......... .......... .......... .......[0m[91m.[0m[91m.. 92% 43.7M 0s
 19000K .......... ...[0m[91m....... .........[0m[91m. .......... .....[0m[91m..... 92% 18.8M 0s
 19050K .......... .......... .......[0m[91m... .....[0m[91m..... ...[0m[91m....... 92% 28.6M 0s
 19100K .........[0m[91m. .......... .....[0m[91m..... .......... .........[0m[91m. 92% 26.5M 0s
 19150K .......... .....[0m[91m..... ...[0m[91m....... .........[0m[91m. .......... 93% 19.4M 0s
 19200K .......... ..........[0m[91m .......... .......... ....[0m[91m...... 93% 69.3M 0s
 19250K ..[0m[91m.[0m[91m....... .........[0m[91m. .......... ....[0m[91m...... .......... 93% 18.1M 0s[0m[91m
 19300K .......... .......[0m[91m... .......... ...[0m[91m....... .......... 93% 19.6M 0s
 19350K .......... ....[0m[91m...... ..........[0m[91m .......... .......[0m[91m... 94% 26.8M 0s
 19400K .......... .......... .......... .......... .......... 94% 75.6M 0s
 19450K ..........[0m[91m ........[0m[91m.. .......... .......... ..[0m[91m........ 94% 22.8M 0s
 19500K .......... .......... .......... ..........[0m[91m .......... 94% 31.0M 0s
 19550K .......[0m[91m... .......... .......... .........[0m[91m. .......[0m[91m... 95% 17.3M 0s
 19600K .....[0m[91m..... .......... .......... .......... .......... 95% 14.4M 0s
 19650K .......... .......... ......[0m[91m.[0m[91m... ....[0m[91m...... .......... 95% 27.6M 0s
 19700K .......... ......[0m[91m.... .......... ..[0m[91m........ .......... 95% 63.0M 0s
 19750K .......... ....[0m[91m...... ...[0m[91m.......[0m[91m ...[0m[91m....... .......[0m[91m... 96% 15.7M 0s
 19800K .......... .......... .......... .......... .......... 96% 69.7M 0s
 19850K .......... .......... .......... .......... .......... 96%  162M 0s[0m[91m
 19900K .......... ......[0m[91m.... .......[0m[91m... .......... ........[0m[91m.. 96% 17.2M 0s
 19950K .......... .......... ..........[0m[91m .......... ......[0m[91m.... 97% 23.3M 0s
 20000K .......... ..[0m[91m........ .......... .......... ....[0m[91m...... 97% 22.8M 0s
 20050K .......... .......... .......... ....[0m[91m...... .......... 97% 66.3M 0s
 20100K .[0m[91m......... .......... .......... .......... .......... 97% 32.1M 0s
 20150K .......... .....[0m[91m..... .......... .......... .......[0m[91m... 98% 39.5M 0s
 20200K .......... .......... .........[0m[91m. .......... .......... 98% 25.3M 0s
 20250K ..[0m[91m........ ........[0m[91m.. .......[0m[91m... .......... ...[0m[91m....... 98% 25.0M 0s
 20300K .......... .......... .......... .......... .[0m[91m......... 98% 31.6M 0s
 20350K .......[0m[91m... .......... .......... .........[0m[91m. .......... 99% 34.4M 0s
 20400K .......... ...[0m[91m....... .......... .......... .......... 99% 62.6M 0s
 20450K ..[0m[91m........ ........[0m[91m.. .......... .......... .......... 99% 20.0M 0s[0m[91m
 20500K .[0m[91m......... ......[0m[91m.... .......... .......... .......... 99% 28.2M 0s
 20550K .......... .......... ..........[0m[91m .......... ......    100% 59.2M=1.2s

2021-02-23 10:40:23 (17.3 MB/s) - 'telegraf-1.14.0-static_linux_amd64.tar.gz' saved [21090630/21090630]

[0mRemoving intermediate container e7c976ccca69
 ---> 6af328e9fa32
Step 6/10 : RUN         tar xf telegraf-1.14.0-static_linux_amd64.tar.gz
 ---> Running in 5e164eba1a6c
Removing intermediate container 5e164eba1a6c
 ---> 772b2b76ab28
Step 7/10 : RUN         rm telegraf-1.14.0-static_linux_amd64.tar.gz
 ---> Running in 9e2067a915ad
Removing intermediate container 9e2067a915ad
 ---> dcf8ebdef1db
Step 8/10 : COPY		telegraf.conf       .
 ---> fff12ac0eb4b
Step 9/10 : COPY		telegraf_setup.sh   setup.sh
 ---> 34a05b715042
Step 10/10 : CMD         ["sh", "./setup.sh"]
 ---> Running in eadccb8416b2
Removing intermediate container eadccb8416b2
 ---> 65ffd8b130d1
Successfully built 65ffd8b130d1
Successfully tagged telegraf:latest
